c:\users\karl6\documents\github\biquoperatorpanel\biquoperatorpanel\visualgdb\debug\main.o
c:\users\karl6\documents\github\biquoperatorpanel\biquoperatorpanel\visualgdb\debug\taskmanager.o
c:\users\karl6\documents\github\biquoperatorpanel\biquoperatorpanel\visualgdb\debug\main.dep
c:\users\karl6\documents\github\biquoperatorpanel\biquoperatorpanel\visualgdb\debug\taskmanager.dep
c:\users\karl6\documents\github\biquoperatorpanel\biquoperatorpanel\visualgdb\debug\main.gcc.rsp
c:\users\karl6\documents\github\biquoperatorpanel\biquoperatorpanel\visualgdb\debug\taskmanager.gcc.rsp
c:\users\karl6\documents\github\biquoperatorpanel\biquoperatorpanel\visualgdb\debug\biquoperatorpanel.alldeps
c:\users\karl6\documents\github\biquoperatorpanel\biquoperatorpanel\visualgdb\debug\core\stm32f4xx_hal_msp.o
c:\users\karl6\documents\github\biquoperatorpanel\biquoperatorpanel\visualgdb\debug\core\stm32f4xx_it.o
c:\users\karl6\documents\github\biquoperatorpanel\biquoperatorpanel\visualgdb\debug\core\syscalls.o
c:\users\karl6\documents\github\biquoperatorpanel\biquoperatorpanel\visualgdb\debug\core\sysmem.o
c:\users\karl6\documents\github\biquoperatorpanel\biquoperatorpanel\visualgdb\debug\core\system_stm32f4xx.o
c:\users\karl6\documents\github\biquoperatorpanel\biquoperatorpanel\visualgdb\debug\core\stm32f4xx_hal_msp.dep
c:\users\karl6\documents\github\biquoperatorpanel\biquoperatorpanel\visualgdb\debug\core\stm32f4xx_it.dep
c:\users\karl6\documents\github\biquoperatorpanel\biquoperatorpanel\visualgdb\debug\core\syscalls.dep
c:\users\karl6\documents\github\biquoperatorpanel\biquoperatorpanel\visualgdb\debug\core\sysmem.dep
c:\users\karl6\documents\github\biquoperatorpanel\biquoperatorpanel\visualgdb\debug\core\system_stm32f4xx.dep
c:\users\karl6\documents\github\biquoperatorpanel\biquoperatorpanel\visualgdb\debug\core\stm32f4xx_hal_msp.gcc.rsp
c:\users\karl6\documents\github\biquoperatorpanel\biquoperatorpanel\visualgdb\debug\core\stm32f4xx_it.gcc.rsp
c:\users\karl6\documents\github\biquoperatorpanel\biquoperatorpanel\visualgdb\debug\core\syscalls.gcc.rsp
c:\users\karl6\documents\github\biquoperatorpanel\biquoperatorpanel\visualgdb\debug\core\sysmem.gcc.rsp
c:\users\karl6\documents\github\biquoperatorpanel\biquoperatorpanel\visualgdb\debug\core\system_stm32f4xx.gcc.rsp
c:\users\karl6\documents\github\biquoperatorpanel\biquoperatorpanel\visualgdb\debug\drivers\stm32f4xx_hal_driver\src\stm32f4xx_hal.o
c:\users\karl6\documents\github\biquoperatorpanel\biquoperatorpanel\visualgdb\debug\drivers\stm32f4xx_hal_driver\src\stm32f4xx_hal_adc.o
c:\users\karl6\documents\github\biquoperatorpanel\biquoperatorpanel\visualgdb\debug\drivers\stm32f4xx_hal_driver\src\stm32f4xx_hal_adc_ex.o
c:\users\karl6\documents\github\biquoperatorpanel\biquoperatorpanel\visualgdb\debug\drivers\stm32f4xx_hal_driver\src\stm32f4xx_hal_cortex.o
c:\users\karl6\documents\github\biquoperatorpanel\biquoperatorpanel\visualgdb\debug\drivers\stm32f4xx_hal_driver\src\stm32f4xx_hal_dac.o
c:\users\karl6\documents\github\biquoperatorpanel\biquoperatorpanel\visualgdb\debug\drivers\stm32f4xx_hal_driver\src\stm32f4xx_hal_dac_ex.o
c:\users\karl6\documents\github\biquoperatorpanel\biquoperatorpanel\visualgdb\debug\drivers\stm32f4xx_hal_driver\src\stm32f4xx_hal_dma.o
c:\users\karl6\documents\github\biquoperatorpanel\biquoperatorpanel\visualgdb\debug\drivers\stm32f4xx_hal_driver\src\stm32f4xx_hal_dma_ex.o
c:\users\karl6\documents\github\biquoperatorpanel\biquoperatorpanel\visualgdb\debug\drivers\stm32f4xx_hal_driver\src\stm32f4xx_hal_exti.o
c:\users\karl6\documents\github\biquoperatorpanel\biquoperatorpanel\visualgdb\debug\drivers\stm32f4xx_hal_driver\src\stm32f4xx_hal_flash.o
c:\users\karl6\documents\github\biquoperatorpanel\biquoperatorpanel\visualgdb\debug\drivers\stm32f4xx_hal_driver\src\stm32f4xx_hal_flash_ex.o
c:\users\karl6\documents\github\biquoperatorpanel\biquoperatorpanel\visualgdb\debug\drivers\stm32f4xx_hal_driver\src\stm32f4xx_hal_flash_ramfunc.o
c:\users\karl6\documents\github\biquoperatorpanel\biquoperatorpanel\visualgdb\debug\drivers\stm32f4xx_hal_driver\src\stm32f4xx_hal_gpio.o
c:\users\karl6\documents\github\biquoperatorpanel\biquoperatorpanel\visualgdb\debug\drivers\stm32f4xx_hal_driver\src\stm32f4xx_hal_pcd.o
c:\users\karl6\documents\github\biquoperatorpanel\biquoperatorpanel\visualgdb\debug\drivers\stm32f4xx_hal_driver\src\stm32f4xx_hal_pcd_ex.o
c:\users\karl6\documents\github\biquoperatorpanel\biquoperatorpanel\visualgdb\debug\drivers\stm32f4xx_hal_driver\src\stm32f4xx_hal_pwr.o
c:\users\karl6\documents\github\biquoperatorpanel\biquoperatorpanel\visualgdb\debug\drivers\stm32f4xx_hal_driver\src\stm32f4xx_hal_pwr_ex.o
c:\users\karl6\documents\github\biquoperatorpanel\biquoperatorpanel\visualgdb\debug\drivers\stm32f4xx_hal_driver\src\stm32f4xx_hal_rcc.o
c:\users\karl6\documents\github\biquoperatorpanel\biquoperatorpanel\visualgdb\debug\drivers\stm32f4xx_hal_driver\src\stm32f4xx_hal_rcc_ex.o
c:\users\karl6\documents\github\biquoperatorpanel\biquoperatorpanel\visualgdb\debug\drivers\stm32f4xx_hal_driver\src\stm32f4xx_hal_sram.o
c:\users\karl6\documents\github\biquoperatorpanel\biquoperatorpanel\visualgdb\debug\drivers\stm32f4xx_hal_driver\src\stm32f4xx_hal_tim.o
c:\users\karl6\documents\github\biquoperatorpanel\biquoperatorpanel\visualgdb\debug\drivers\stm32f4xx_hal_driver\src\stm32f4xx_hal_tim_ex.o
c:\users\karl6\documents\github\biquoperatorpanel\biquoperatorpanel\visualgdb\debug\drivers\stm32f4xx_hal_driver\src\stm32f4xx_ll_adc.o
c:\users\karl6\documents\github\biquoperatorpanel\biquoperatorpanel\visualgdb\debug\drivers\stm32f4xx_hal_driver\src\stm32f4xx_ll_fsmc.o
c:\users\karl6\documents\github\biquoperatorpanel\biquoperatorpanel\visualgdb\debug\drivers\stm32f4xx_hal_driver\src\stm32f4xx_ll_usb.o
c:\users\karl6\documents\github\biquoperatorpanel\biquoperatorpanel\visualgdb\debug\drivers\stm32f4xx_hal_driver\src\stm32f4xx_hal.dep
c:\users\karl6\documents\github\biquoperatorpanel\biquoperatorpanel\visualgdb\debug\drivers\stm32f4xx_hal_driver\src\stm32f4xx_hal_adc.dep
c:\users\karl6\documents\github\biquoperatorpanel\biquoperatorpanel\visualgdb\debug\drivers\stm32f4xx_hal_driver\src\stm32f4xx_hal_adc_ex.dep
c:\users\karl6\documents\github\biquoperatorpanel\biquoperatorpanel\visualgdb\debug\drivers\stm32f4xx_hal_driver\src\stm32f4xx_hal_cortex.dep
c:\users\karl6\documents\github\biquoperatorpanel\biquoperatorpanel\visualgdb\debug\drivers\stm32f4xx_hal_driver\src\stm32f4xx_hal_dac.dep
c:\users\karl6\documents\github\biquoperatorpanel\biquoperatorpanel\visualgdb\debug\drivers\stm32f4xx_hal_driver\src\stm32f4xx_hal_dac_ex.dep
c:\users\karl6\documents\github\biquoperatorpanel\biquoperatorpanel\visualgdb\debug\drivers\stm32f4xx_hal_driver\src\stm32f4xx_hal_dma.dep
c:\users\karl6\documents\github\biquoperatorpanel\biquoperatorpanel\visualgdb\debug\drivers\stm32f4xx_hal_driver\src\stm32f4xx_hal_dma_ex.dep
c:\users\karl6\documents\github\biquoperatorpanel\biquoperatorpanel\visualgdb\debug\drivers\stm32f4xx_hal_driver\src\stm32f4xx_hal_exti.dep
c:\users\karl6\documents\github\biquoperatorpanel\biquoperatorpanel\visualgdb\debug\drivers\stm32f4xx_hal_driver\src\stm32f4xx_hal_flash.dep
c:\users\karl6\documents\github\biquoperatorpanel\biquoperatorpanel\visualgdb\debug\drivers\stm32f4xx_hal_driver\src\stm32f4xx_hal_flash_ex.dep
c:\users\karl6\documents\github\biquoperatorpanel\biquoperatorpanel\visualgdb\debug\drivers\stm32f4xx_hal_driver\src\stm32f4xx_hal_flash_ramfunc.dep
c:\users\karl6\documents\github\biquoperatorpanel\biquoperatorpanel\visualgdb\debug\drivers\stm32f4xx_hal_driver\src\stm32f4xx_hal_gpio.dep
c:\users\karl6\documents\github\biquoperatorpanel\biquoperatorpanel\visualgdb\debug\drivers\stm32f4xx_hal_driver\src\stm32f4xx_hal_pcd.dep
c:\users\karl6\documents\github\biquoperatorpanel\biquoperatorpanel\visualgdb\debug\drivers\stm32f4xx_hal_driver\src\stm32f4xx_hal_pcd_ex.dep
c:\users\karl6\documents\github\biquoperatorpanel\biquoperatorpanel\visualgdb\debug\drivers\stm32f4xx_hal_driver\src\stm32f4xx_hal_pwr.dep
c:\users\karl6\documents\github\biquoperatorpanel\biquoperatorpanel\visualgdb\debug\drivers\stm32f4xx_hal_driver\src\stm32f4xx_hal_pwr_ex.dep
c:\users\karl6\documents\github\biquoperatorpanel\biquoperatorpanel\visualgdb\debug\drivers\stm32f4xx_hal_driver\src\stm32f4xx_hal_rcc.dep
c:\users\karl6\documents\github\biquoperatorpanel\biquoperatorpanel\visualgdb\debug\drivers\stm32f4xx_hal_driver\src\stm32f4xx_hal_rcc_ex.dep
c:\users\karl6\documents\github\biquoperatorpanel\biquoperatorpanel\visualgdb\debug\drivers\stm32f4xx_hal_driver\src\stm32f4xx_hal_sram.dep
c:\users\karl6\documents\github\biquoperatorpanel\biquoperatorpanel\visualgdb\debug\drivers\stm32f4xx_hal_driver\src\stm32f4xx_hal_tim.dep
c:\users\karl6\documents\github\biquoperatorpanel\biquoperatorpanel\visualgdb\debug\drivers\stm32f4xx_hal_driver\src\stm32f4xx_hal_tim_ex.dep
c:\users\karl6\documents\github\biquoperatorpanel\biquoperatorpanel\visualgdb\debug\drivers\stm32f4xx_hal_driver\src\stm32f4xx_ll_adc.dep
c:\users\karl6\documents\github\biquoperatorpanel\biquoperatorpanel\visualgdb\debug\drivers\stm32f4xx_hal_driver\src\stm32f4xx_ll_fsmc.dep
c:\users\karl6\documents\github\biquoperatorpanel\biquoperatorpanel\visualgdb\debug\drivers\stm32f4xx_hal_driver\src\stm32f4xx_ll_usb.dep
c:\users\karl6\documents\github\biquoperatorpanel\biquoperatorpanel\visualgdb\debug\drivers\stm32f4xx_hal_driver\src\stm32f4xx_hal.gcc.rsp
c:\users\karl6\documents\github\biquoperatorpanel\biquoperatorpanel\visualgdb\debug\drivers\stm32f4xx_hal_driver\src\stm32f4xx_hal_adc.gcc.rsp
c:\users\karl6\documents\github\biquoperatorpanel\biquoperatorpanel\visualgdb\debug\drivers\stm32f4xx_hal_driver\src\stm32f4xx_hal_adc_ex.gcc.rsp
c:\users\karl6\documents\github\biquoperatorpanel\biquoperatorpanel\visualgdb\debug\drivers\stm32f4xx_hal_driver\src\stm32f4xx_hal_cortex.gcc.rsp
c:\users\karl6\documents\github\biquoperatorpanel\biquoperatorpanel\visualgdb\debug\drivers\stm32f4xx_hal_driver\src\stm32f4xx_hal_dac.gcc.rsp
c:\users\karl6\documents\github\biquoperatorpanel\biquoperatorpanel\visualgdb\debug\drivers\stm32f4xx_hal_driver\src\stm32f4xx_hal_dac_ex.gcc.rsp
c:\users\karl6\documents\github\biquoperatorpanel\biquoperatorpanel\visualgdb\debug\drivers\stm32f4xx_hal_driver\src\stm32f4xx_hal_dma.gcc.rsp
c:\users\karl6\documents\github\biquoperatorpanel\biquoperatorpanel\visualgdb\debug\drivers\stm32f4xx_hal_driver\src\stm32f4xx_hal_dma_ex.gcc.rsp
c:\users\karl6\documents\github\biquoperatorpanel\biquoperatorpanel\visualgdb\debug\drivers\stm32f4xx_hal_driver\src\stm32f4xx_hal_exti.gcc.rsp
c:\users\karl6\documents\github\biquoperatorpanel\biquoperatorpanel\visualgdb\debug\drivers\stm32f4xx_hal_driver\src\stm32f4xx_hal_flash.gcc.rsp
c:\users\karl6\documents\github\biquoperatorpanel\biquoperatorpanel\visualgdb\debug\drivers\stm32f4xx_hal_driver\src\stm32f4xx_hal_flash_ex.gcc.rsp
c:\users\karl6\documents\github\biquoperatorpanel\biquoperatorpanel\visualgdb\debug\drivers\stm32f4xx_hal_driver\src\stm32f4xx_hal_flash_ramfunc.gcc.rsp
c:\users\karl6\documents\github\biquoperatorpanel\biquoperatorpanel\visualgdb\debug\drivers\stm32f4xx_hal_driver\src\stm32f4xx_hal_gpio.gcc.rsp
c:\users\karl6\documents\github\biquoperatorpanel\biquoperatorpanel\visualgdb\debug\drivers\stm32f4xx_hal_driver\src\stm32f4xx_hal_pcd.gcc.rsp
c:\users\karl6\documents\github\biquoperatorpanel\biquoperatorpanel\visualgdb\debug\drivers\stm32f4xx_hal_driver\src\stm32f4xx_hal_pcd_ex.gcc.rsp
c:\users\karl6\documents\github\biquoperatorpanel\biquoperatorpanel\visualgdb\debug\drivers\stm32f4xx_hal_driver\src\stm32f4xx_hal_pwr.gcc.rsp
c:\users\karl6\documents\github\biquoperatorpanel\biquoperatorpanel\visualgdb\debug\drivers\stm32f4xx_hal_driver\src\stm32f4xx_hal_pwr_ex.gcc.rsp
c:\users\karl6\documents\github\biquoperatorpanel\biquoperatorpanel\visualgdb\debug\drivers\stm32f4xx_hal_driver\src\stm32f4xx_hal_rcc.gcc.rsp
c:\users\karl6\documents\github\biquoperatorpanel\biquoperatorpanel\visualgdb\debug\drivers\stm32f4xx_hal_driver\src\stm32f4xx_hal_rcc_ex.gcc.rsp
c:\users\karl6\documents\github\biquoperatorpanel\biquoperatorpanel\visualgdb\debug\drivers\stm32f4xx_hal_driver\src\stm32f4xx_hal_sram.gcc.rsp
c:\users\karl6\documents\github\biquoperatorpanel\biquoperatorpanel\visualgdb\debug\drivers\stm32f4xx_hal_driver\src\stm32f4xx_hal_tim.gcc.rsp
c:\users\karl6\documents\github\biquoperatorpanel\biquoperatorpanel\visualgdb\debug\drivers\stm32f4xx_hal_driver\src\stm32f4xx_hal_tim_ex.gcc.rsp
c:\users\karl6\documents\github\biquoperatorpanel\biquoperatorpanel\visualgdb\debug\drivers\stm32f4xx_hal_driver\src\stm32f4xx_ll_adc.gcc.rsp
c:\users\karl6\documents\github\biquoperatorpanel\biquoperatorpanel\visualgdb\debug\drivers\stm32f4xx_hal_driver\src\stm32f4xx_ll_fsmc.gcc.rsp
c:\users\karl6\documents\github\biquoperatorpanel\biquoperatorpanel\visualgdb\debug\drivers\stm32f4xx_hal_driver\src\stm32f4xx_ll_usb.gcc.rsp
c:\users\karl6\documents\github\biquoperatorpanel\biquoperatorpanel\visualgdb\debug\icons\icon_start.o
c:\users\karl6\documents\github\biquoperatorpanel\biquoperatorpanel\visualgdb\debug\icons\icon_start.dep
c:\users\karl6\documents\github\biquoperatorpanel\biquoperatorpanel\visualgdb\debug\icons\icon_start.gcc.rsp
c:\users\karl6\documents\github\biquoperatorpanel\biquoperatorpanel\visualgdb\debug\megasonic\flash\4xx\flash_4xx.dep
c:\users\karl6\documents\github\biquoperatorpanel\biquoperatorpanel\visualgdb\debug\megasonic\flash\4xx\flash_4xx.gcc.rsp
c:\users\karl6\documents\github\biquoperatorpanel\biquoperatorpanel\visualgdb\debug\megasonic\global.o
c:\users\karl6\documents\github\biquoperatorpanel\biquoperatorpanel\visualgdb\debug\megasonic\global.dep
c:\users\karl6\documents\github\biquoperatorpanel\biquoperatorpanel\visualgdb\debug\megasonic\global.gcc.rsp
c:\users\karl6\documents\github\biquoperatorpanel\biquoperatorpanel\visualgdb\debug\megasonic\gpio\gpio_init.o
c:\users\karl6\documents\github\biquoperatorpanel\biquoperatorpanel\visualgdb\debug\megasonic\gpio\pininit.o
c:\users\karl6\documents\github\biquoperatorpanel\biquoperatorpanel\visualgdb\debug\megasonic\gpio\gpio_init.dep
c:\users\karl6\documents\github\biquoperatorpanel\biquoperatorpanel\visualgdb\debug\megasonic\gpio\pininit.dep
c:\users\karl6\documents\github\biquoperatorpanel\biquoperatorpanel\visualgdb\debug\megasonic\gpio\gpio_init.gcc.rsp
c:\users\karl6\documents\github\biquoperatorpanel\biquoperatorpanel\visualgdb\debug\megasonic\gpio\pininit.gcc.rsp
c:\users\karl6\documents\github\biquoperatorpanel\biquoperatorpanel\visualgdb\debug\megasonic\secs1\secs1.o
c:\users\karl6\documents\github\biquoperatorpanel\biquoperatorpanel\visualgdb\debug\megasonic\secs1\secs1.dep
c:\users\karl6\documents\github\biquoperatorpanel\biquoperatorpanel\visualgdb\debug\megasonic\secs1\secs1.gcc.rsp
c:\users\karl6\documents\github\biquoperatorpanel\biquoperatorpanel\visualgdb\debug\megasonic\spi\spi.o
c:\users\karl6\documents\github\biquoperatorpanel\biquoperatorpanel\visualgdb\debug\megasonic\spi\sw_spi.o
c:\users\karl6\documents\github\biquoperatorpanel\biquoperatorpanel\visualgdb\debug\megasonic\spi\w25qxx.o
c:\users\karl6\documents\github\biquoperatorpanel\biquoperatorpanel\visualgdb\debug\megasonic\spi\xpt2046.o
c:\users\karl6\documents\github\biquoperatorpanel\biquoperatorpanel\visualgdb\debug\megasonic\spi\spi.dep
c:\users\karl6\documents\github\biquoperatorpanel\biquoperatorpanel\visualgdb\debug\megasonic\spi\sw_spi.dep
c:\users\karl6\documents\github\biquoperatorpanel\biquoperatorpanel\visualgdb\debug\megasonic\spi\w25qxx.dep
c:\users\karl6\documents\github\biquoperatorpanel\biquoperatorpanel\visualgdb\debug\megasonic\spi\xpt2046.dep
c:\users\karl6\documents\github\biquoperatorpanel\biquoperatorpanel\visualgdb\debug\megasonic\spi\spi.gcc.rsp
c:\users\karl6\documents\github\biquoperatorpanel\biquoperatorpanel\visualgdb\debug\megasonic\spi\sw_spi.gcc.rsp
c:\users\karl6\documents\github\biquoperatorpanel\biquoperatorpanel\visualgdb\debug\megasonic\spi\w25qxx.gcc.rsp
c:\users\karl6\documents\github\biquoperatorpanel\biquoperatorpanel\visualgdb\debug\megasonic\spi\xpt2046.gcc.rsp
c:\users\karl6\documents\github\biquoperatorpanel\biquoperatorpanel\visualgdb\debug\megasonic\timer\timer_pwm.o
c:\users\karl6\documents\github\biquoperatorpanel\biquoperatorpanel\visualgdb\debug\megasonic\timer\timer_pwm.dep
c:\users\karl6\documents\github\biquoperatorpanel\biquoperatorpanel\visualgdb\debug\megasonic\timer\timer_pwm.gcc.rsp
c:\users\karl6\documents\github\biquoperatorpanel\biquoperatorpanel\visualgdb\debug\megasonic\touchlcd\4xx\touchlcd_4xx.o
c:\users\karl6\documents\github\biquoperatorpanel\biquoperatorpanel\visualgdb\debug\megasonic\touchlcd\4xx\touchlcd_4xx.dep
c:\users\karl6\documents\github\biquoperatorpanel\biquoperatorpanel\visualgdb\debug\megasonic\touchlcd\4xx\touchlcd_4xx.gcc.rsp
c:\users\karl6\documents\github\biquoperatorpanel\biquoperatorpanel\visualgdb\debug\megasonic\touchlcd\drivers\ssd1963.o
c:\users\karl6\documents\github\biquoperatorpanel\biquoperatorpanel\visualgdb\debug\megasonic\touchlcd\drivers\ssd1963.dep
c:\users\karl6\documents\github\biquoperatorpanel\biquoperatorpanel\visualgdb\debug\megasonic\touchlcd\drivers\ssd1963.gcc.rsp
c:\users\karl6\documents\github\biquoperatorpanel\biquoperatorpanel\visualgdb\debug\megasonic\touchlcd\gui\display.o
c:\users\karl6\documents\github\biquoperatorpanel\biquoperatorpanel\visualgdb\debug\megasonic\touchlcd\gui\displaylist.o
c:\users\karl6\documents\github\biquoperatorpanel\biquoperatorpanel\visualgdb\debug\megasonic\touchlcd\gui\display.dep
c:\users\karl6\documents\github\biquoperatorpanel\biquoperatorpanel\visualgdb\debug\megasonic\touchlcd\gui\displaylist.dep
c:\users\karl6\documents\github\biquoperatorpanel\biquoperatorpanel\visualgdb\debug\megasonic\touchlcd\gui\display.gcc.rsp
c:\users\karl6\documents\github\biquoperatorpanel\biquoperatorpanel\visualgdb\debug\megasonic\touchlcd\gui\displaylist.gcc.rsp
c:\users\karl6\documents\github\biquoperatorpanel\biquoperatorpanel\visualgdb\debug\megasonic\touchlcd\gui\gui.gcc.rsp
c:\users\karl6\documents\github\biquoperatorpanel\biquoperatorpanel\visualgdb\debug\megasonic\touchlcd\gui\panelmain.designer.gcc.rsp
c:\users\karl6\documents\github\biquoperatorpanel\biquoperatorpanel\visualgdb\debug\megasonic\touchlcd\gui\panelmain.event.gcc.rsp
c:\users\karl6\documents\github\biquoperatorpanel\biquoperatorpanel\visualgdb\debug\megasonic\touchlcd\lcd.gcc.rsp
c:\users\karl6\documents\github\biquoperatorpanel\biquoperatorpanel\visualgdb\debug\megasonic\touchlcd\lcd_dma.gcc.rsp
c:\users\karl6\documents\github\biquoperatorpanel\biquoperatorpanel\visualgdb\debug\megasonic\touchlcd\lcd_encoder.gcc.rsp
c:\users\karl6\documents\github\biquoperatorpanel\biquoperatorpanel\visualgdb\debug\megasonic\touchlcd\lcd_touch.gcc.rsp
c:\users\karl6\documents\github\biquoperatorpanel\biquoperatorpanel\visualgdb\debug\megasonic\touchlcd\widgets\button.gcc.rsp
c:\users\karl6\documents\github\biquoperatorpanel\biquoperatorpanel\visualgdb\debug\megasonic\touchlcd\widgets\dropdownlist.gcc.rsp
c:\users\karl6\documents\github\biquoperatorpanel\biquoperatorpanel\visualgdb\debug\megasonic\touchlcd\widgets\edit.gcc.rsp
c:\users\karl6\documents\github\biquoperatorpanel\biquoperatorpanel\visualgdb\debug\megasonic\touchlcd\widgets\label.gcc.rsp
c:\users\karl6\documents\github\biquoperatorpanel\biquoperatorpanel\visualgdb\debug\megasonic\touchlcd\widgets\listbox.gcc.rsp
c:\users\karl6\documents\github\biquoperatorpanel\biquoperatorpanel\visualgdb\debug\megasonic\touchlcd\widgets\numeric.gcc.rsp
c:\users\karl6\documents\github\biquoperatorpanel\biquoperatorpanel\visualgdb\debug\megasonic\touchlcd\widgets\panel.gcc.rsp
c:\users\karl6\documents\github\biquoperatorpanel\biquoperatorpanel\visualgdb\debug\megasonic\touchlcd\widgets\tabcontrol.gcc.rsp
c:\users\karl6\documents\github\biquoperatorpanel\biquoperatorpanel\visualgdb\debug\megasonic\touchlcd\widgets\widget.gcc.rsp
